TN:
SF:src/orders/orders.controller.ts
FN:16,(anonymous_4)
FN:19,(anonymous_5)
FN:24,(anonymous_6)
FN:29,(anonymous_7)
FN:34,(anonymous_8)
FN:39,(anonymous_9)
FN:44,(anonymous_10)
FN:52,(anonymous_11)
FNF:8
FNH:8
FNDA:17,(anonymous_4)
FNDA:2,(anonymous_5)
FNDA:2,(anonymous_6)
FNDA:2,(anonymous_7)
FNDA:3,(anonymous_8)
FNDA:2,(anonymous_9)
FNDA:4,(anonymous_10)
FNDA:2,(anonymous_11)
DA:1,1
DA:11,1
DA:12,1
DA:15,1
DA:16,17
DA:19,1
DA:20,2
DA:24,1
DA:25,2
DA:29,1
DA:30,2
DA:34,1
DA:35,3
DA:39,1
DA:40,2
DA:44,1
DA:48,4
DA:52,1
DA:53,2
LF:19
LH:19
BRF:0
BRH:0
end_of_record
TN:
SF:src/orders/orders.service.ts
FN:9,(anonymous_4)
FN:11,(anonymous_5)
FN:16,(anonymous_6)
FN:20,(anonymous_7)
FN:28,(anonymous_8)
FN:38,(anonymous_9)
FN:45,(anonymous_10)
FN:49,(anonymous_11)
FNF:8
FNH:7
FNDA:17,(anonymous_4)
FNDA:0,(anonymous_5)
FNDA:2,(anonymous_6)
FNDA:3,(anonymous_7)
FNDA:5,(anonymous_8)
FNDA:3,(anonymous_9)
FNDA:2,(anonymous_10)
FNDA:3,(anonymous_11)
DA:1,2
DA:2,2
DA:3,2
DA:4,2
DA:8,2
DA:9,17
DA:12,0
DA:13,0
DA:17,2
DA:21,3
DA:22,3
DA:23,2
DA:25,1
DA:29,5
DA:32,5
DA:33,2
DA:35,3
DA:39,3
DA:40,3
DA:41,2
DA:46,2
DA:50,3
DA:53,3
LF:23
LH:21
BRDA:22,0,0,2
BRDA:22,0,1,1
BRDA:32,1,0,2
BRDA:32,1,1,3
BRDA:40,2,0,2
BRDA:40,2,1,1
BRDA:53,3,0,2
BRDA:53,3,1,1
BRF:8
BRH:8
end_of_record
TN:
SF:src/users/users.controller.ts
FN:16,(anonymous_4)
FN:19,(anonymous_5)
FN:24,(anonymous_6)
FN:29,(anonymous_7)
FN:34,(anonymous_8)
FN:39,(anonymous_9)
FN:47,(anonymous_10)
FNF:7
FNH:7
FNDA:13,(anonymous_4)
FNDA:2,(anonymous_5)
FNDA:2,(anonymous_6)
FNDA:2,(anonymous_7)
FNDA:2,(anonymous_8)
FNDA:3,(anonymous_9)
FNDA:2,(anonymous_10)
DA:1,1
DA:11,1
DA:12,1
DA:15,1
DA:16,13
DA:19,1
DA:20,2
DA:24,1
DA:25,2
DA:29,1
DA:30,2
DA:34,1
DA:35,2
DA:39,1
DA:43,3
DA:47,1
DA:48,2
LF:17
LH:17
BRF:0
BRH:0
end_of_record
TN:
SF:src/users/users.service.ts
FN:9,(anonymous_4)
FN:11,(anonymous_5)
FN:16,(anonymous_6)
FN:20,(anonymous_7)
FN:28,(anonymous_8)
FN:38,(anonymous_9)
FN:45,(anonymous_10)
FNF:7
FNH:6
FNDA:13,(anonymous_4)
FNDA:0,(anonymous_5)
FNDA:2,(anonymous_6)
FNDA:3,(anonymous_7)
FNDA:4,(anonymous_8)
FNDA:3,(anonymous_9)
FNDA:2,(anonymous_10)
DA:1,2
DA:2,2
DA:3,2
DA:4,2
DA:8,2
DA:9,13
DA:12,0
DA:13,0
DA:17,2
DA:21,3
DA:22,3
DA:23,2
DA:25,1
DA:29,4
DA:32,4
DA:33,2
DA:35,2
DA:39,3
DA:40,3
DA:41,2
DA:46,2
LF:21
LH:19
BRDA:22,0,0,2
BRDA:22,0,1,1
BRDA:32,1,0,2
BRDA:32,1,1,2
BRDA:40,2,0,2
BRDA:40,2,1,1
BRF:6
BRH:6
end_of_record
